{"D:\\family\\luba\\homeworks\\NodeJS\\src\\constants.ts": {"path":"D:\\family\\luba\\homeworks\\NodeJS\\src\\constants.ts","statementMap":{"0":{"start":{"line":1,"column":13},"end":{"line":1,"column":42}}},"fnMap":{},"branchMap":{},"s":{"0":2},"f":{},"b":{}}
,"D:\\family\\luba\\homeworks\\NodeJS\\src\\createAdmin.ts": {"path":"D:\\family\\luba\\homeworks\\NodeJS\\src\\createAdmin.ts","statementMap":{"0":{"start":{"line":1,"column":0},"end":{"line":1,"column":65}},"1":{"start":{"line":2,"column":0},"end":{"line":2,"column":28}},"2":{"start":{"line":3,"column":0},"end":{"line":3,"column":42}},"3":{"start":{"line":4,"column":0},"end":{"line":4,"column":55}},"4":{"start":{"line":6,"column":27},"end":{"line":18,"column":1}},"5":{"start":{"line":7,"column":23},"end":{"line":7,"column":54}},"6":{"start":{"line":8,"column":2},"end":{"line":17,"column":3}},"7":{"start":{"line":9,"column":4},"end":{"line":9,"column":44}},"8":{"start":{"line":10,"column":4},"end":{"line":10,"column":42}},"9":{"start":{"line":12,"column":4},"end":{"line":16,"column":5}},"10":{"start":{"line":13,"column":22},"end":{"line":13,"column":76}},"11":{"start":{"line":14,"column":8},"end":{"line":14,"column":44}},"12":{"start":{"line":15,"column":8},"end":{"line":15,"column":39}},"13":{"start":{"line":6,"column":13},"end":{"line":6,"column":27}}},"fnMap":{"0":{"name":"(anonymous_7)","decl":{"start":{"line":6,"column":27},"end":{"line":6,"column":32}},"loc":{"start":{"line":6,"column":97},"end":{"line":18,"column":1}}}},"branchMap":{"0":{"loc":{"start":{"line":12,"column":4},"end":{"line":16,"column":5}},"type":"if","locations":[{"start":{"line":12,"column":4},"end":{"line":16,"column":5}}]}},"s":{"0":2,"1":2,"2":2,"3":2,"4":2,"5":3,"6":3,"7":3,"8":1,"9":2,"10":2,"11":2,"12":2,"13":2},"f":{"0":3},"b":{"0":[2]}}
,"D:\\family\\luba\\homeworks\\NodeJS\\src\\index.ts": {"path":"D:\\family\\luba\\homeworks\\NodeJS\\src\\index.ts","statementMap":{"0":{"start":{"line":1,"column":0},"end":{"line":1,"column":47}},"1":{"start":{"line":2,"column":0},"end":{"line":2,"column":37}},"2":{"start":{"line":3,"column":0},"end":{"line":3,"column":46}},"3":{"start":{"line":4,"column":0},"end":{"line":4,"column":52}},"4":{"start":{"line":5,"column":0},"end":{"line":5,"column":46}},"5":{"start":{"line":6,"column":0},"end":{"line":6,"column":53}},"6":{"start":{"line":7,"column":0},"end":{"line":7,"column":30}},"7":{"start":{"line":8,"column":0},"end":{"line":8,"column":44}},"8":{"start":{"line":9,"column":0},"end":{"line":9,"column":48}},"9":{"start":{"line":10,"column":0},"end":{"line":10,"column":41}},"10":{"start":{"line":11,"column":0},"end":{"line":11,"column":24}},"11":{"start":{"line":12,"column":0},"end":{"line":12,"column":50}},"12":{"start":{"line":15,"column":12},"end":{"line":15,"column":21}},"13":{"start":{"line":17,"column":0},"end":{"line":17,"column":27}},"14":{"start":{"line":18,"column":0},"end":{"line":18,"column":24}},"15":{"start":{"line":19,"column":0},"end":{"line":24,"column":2}},"16":{"start":{"line":26,"column":0},"end":{"line":26,"column":37}},"17":{"start":{"line":27,"column":0},"end":{"line":27,"column":35}},"18":{"start":{"line":28,"column":0},"end":{"line":28,"column":40}},"19":{"start":{"line":29,"column":0},"end":{"line":29,"column":33}},"20":{"start":{"line":31,"column":0},"end":{"line":31,"column":22}},"21":{"start":{"line":35,"column":27},"end":{"line":42,"column":1}},"22":{"start":{"line":36,"column":2},"end":{"line":36,"column":20}},"23":{"start":{"line":37,"column":2},"end":{"line":37,"column":79}},"24":{"start":{"line":38,"column":2},"end":{"line":40,"column":5}},"25":{"start":{"line":39,"column":4},"end":{"line":39,"column":72}},"26":{"start":{"line":41,"column":2},"end":{"line":41,"column":16}},"27":{"start":{"line":35,"column":13},"end":{"line":35,"column":27}},"28":{"start":{"line":44,"column":26},"end":{"line":49,"column":1}},"29":{"start":{"line":45,"column":2},"end":{"line":47,"column":3}},"30":{"start":{"line":46,"column":4},"end":{"line":46,"column":19}},"31":{"start":{"line":48,"column":2},"end":{"line":48,"column":23}},"32":{"start":{"line":44,"column":13},"end":{"line":44,"column":26}},"33":{"start":{"line":51,"column":0},"end":{"line":51,"column":37}},"34":{"start":{"line":53,"column":0},"end":{"line":55,"column":1}},"35":{"start":{"line":54,"column":2},"end":{"line":54,"column":16}},"36":{"start":{"line":57,"column":0},"end":{"line":57,"column":19}}},"fnMap":{"0":{"name":"(anonymous_1)","decl":{"start":{"line":35,"column":27},"end":{"line":35,"column":32}},"loc":{"start":{"line":35,"column":38},"end":{"line":42,"column":1}}},"1":{"name":"(anonymous_2)","decl":{"start":{"line":38,"column":35},"end":{"line":38,"column":38}},"loc":{"start":{"line":38,"column":40},"end":{"line":40,"column":3}}},"2":{"name":"(anonymous_3)","decl":{"start":{"line":44,"column":26},"end":{"line":44,"column":31}},"loc":{"start":{"line":44,"column":37},"end":{"line":49,"column":1}}}},"branchMap":{"0":{"loc":{"start":{"line":45,"column":2},"end":{"line":47,"column":3}},"type":"if","locations":[{"start":{"line":45,"column":2},"end":{"line":47,"column":3}}]},"1":{"loc":{"start":{"line":53,"column":0},"end":{"line":55,"column":1}},"type":"if","locations":[{"start":{"line":53,"column":0},"end":{"line":55,"column":1}}]}},"s":{"0":2,"1":2,"2":2,"3":2,"4":2,"5":2,"6":2,"7":2,"8":2,"9":2,"10":2,"11":2,"12":2,"13":2,"14":2,"15":2,"16":2,"17":2,"18":2,"19":2,"20":2,"21":2,"22":2,"23":2,"24":2,"25":2,"26":2,"27":2,"28":2,"29":2,"30":2,"31":2,"32":2,"33":2,"34":2,"35":0,"36":2},"f":{"0":2,"1":2,"2":2},"b":{"0":[2],"1":[0]}}
,"D:\\family\\luba\\homeworks\\NodeJS\\src\\common\\errors.ts": {"path":"D:\\family\\luba\\homeworks\\NodeJS\\src\\common\\errors.ts","statementMap":{"0":{"start":{"line":4,"column":4},"end":{"line":4,"column":19}},"1":{"start":{"line":5,"column":4},"end":{"line":5,"column":33}},"2":{"start":{"line":1,"column":0},"end":{"line":1,"column":13}},"3":{"start":{"line":11,"column":4},"end":{"line":11,"column":31}},"4":{"start":{"line":9,"column":0},"end":{"line":9,"column":13}},"5":{"start":{"line":17,"column":4},"end":{"line":17,"column":28}},"6":{"start":{"line":15,"column":0},"end":{"line":15,"column":13}},"7":{"start":{"line":23,"column":4},"end":{"line":23,"column":39}},"8":{"start":{"line":21,"column":0},"end":{"line":21,"column":13}}},"fnMap":{"0":{"name":"(anonymous_0)","decl":{"start":{"line":3,"column":2},"end":{"line":3,"column":14}},"loc":{"start":{"line":3,"column":49},"end":{"line":6,"column":3}}},"1":{"name":"(anonymous_1)","decl":{"start":{"line":10,"column":2},"end":{"line":10,"column":null}},"loc":{"start":{"line":10,"column":2},"end":{"line":12,"column":3}}},"2":{"name":"(anonymous_2)","decl":{"start":{"line":16,"column":2},"end":{"line":16,"column":null}},"loc":{"start":{"line":16,"column":2},"end":{"line":18,"column":3}}},"3":{"name":"(anonymous_3)","decl":{"start":{"line":22,"column":2},"end":{"line":22,"column":null}},"loc":{"start":{"line":22,"column":2},"end":{"line":24,"column":3}}}},"branchMap":{},"s":{"0":3,"1":3,"2":4,"3":0,"4":4,"5":0,"6":4,"7":3,"8":4},"f":{"0":3,"1":0,"2":0,"3":3},"b":{}}
,"D:\\family\\luba\\homeworks\\NodeJS\\src\\common\\eventEmitter.ts": {"path":"D:\\family\\luba\\homeworks\\NodeJS\\src\\common\\eventEmitter.ts","statementMap":{"0":{"start":{"line":1,"column":0},"end":{"line":1,"column":34}},"1":{"start":{"line":2,"column":0},"end":{"line":2,"column":20}},"2":{"start":{"line":3,"column":0},"end":{"line":3,"column":46}},"3":{"start":{"line":4,"column":0},"end":{"line":4,"column":24}},"4":{"start":{"line":5,"column":0},"end":{"line":5,"column":31}},"5":{"start":{"line":7,"column":21},"end":{"line":7,"column":39}},"6":{"start":{"line":8,"column":17},"end":{"line":8,"column":57}},"7":{"start":{"line":11,"column":2},"end":{"line":15,"column":5}},"8":{"start":{"line":12,"column":4},"end":{"line":14,"column":5}},"9":{"start":{"line":13,"column":6},"end":{"line":13,"column":35}},"10":{"start":{"line":18,"column":0},"end":{"line":20,"column":3}},"11":{"start":{"line":19,"column":2},"end":{"line":19,"column":36}},"12":{"start":{"line":22,"column":0},"end":{"line":24,"column":3}},"13":{"start":{"line":23,"column":2},"end":{"line":23,"column":35}},"14":{"start":{"line":26,"column":0},"end":{"line":28,"column":3}},"15":{"start":{"line":27,"column":2},"end":{"line":27,"column":67}},"16":{"start":{"line":30,"column":0},"end":{"line":30,"column":28}}},"fnMap":{"0":{"name":"addLog","decl":{"start":{"line":10,"column":9},"end":{"line":10,"column":15}},"loc":{"start":{"line":10,"column":31},"end":{"line":16,"column":1}}},"1":{"name":"(anonymous_2)","decl":{"start":{"line":11,"column":64},"end":{"line":11,"column":65}},"loc":{"start":{"line":11,"column":72},"end":{"line":15,"column":3}}},"2":{"name":"(anonymous_3)","decl":{"start":{"line":18,"column":35},"end":{"line":18,"column":38}},"loc":{"start":{"line":18,"column":40},"end":{"line":20,"column":1}}},"3":{"name":"(anonymous_4)","decl":{"start":{"line":22,"column":33},"end":{"line":22,"column":36}},"loc":{"start":{"line":22,"column":38},"end":{"line":24,"column":1}}},"4":{"name":"(anonymous_5)","decl":{"start":{"line":26,"column":36},"end":{"line":26,"column":37}},"loc":{"start":{"line":26,"column":44},"end":{"line":28,"column":1}}}},"branchMap":{"0":{"loc":{"start":{"line":12,"column":4},"end":{"line":14,"column":5}},"type":"if","locations":[{"start":{"line":12,"column":4},"end":{"line":14,"column":5}}]}},"s":{"0":4,"1":4,"2":4,"3":4,"4":4,"5":4,"6":4,"7":0,"8":0,"9":0,"10":4,"11":0,"12":4,"13":0,"14":4,"15":0,"16":4},"f":{"0":0,"1":0,"2":0,"3":0,"4":0},"b":{"0":[0]}}
,"D:\\family\\luba\\homeworks\\NodeJS\\src\\common\\formatDate.ts": {"path":"D:\\family\\luba\\homeworks\\NodeJS\\src\\common\\formatDate.ts","statementMap":{"0":{"start":{"line":6,"column":0},"end":{"line":6,"column":16}},"1":{"start":{"line":1,"column":0},"end":{"line":1,"column":28}},"2":{"start":{"line":4,"column":2},"end":{"line":4,"column":52}},"3":{"start":{"line":7,"column":2},"end":{"line":7,"column":32}}},"fnMap":{"0":{"name":"formatDate","decl":{"start":{"line":3,"column":9},"end":{"line":3,"column":19}},"loc":{"start":{"line":3,"column":30},"end":{"line":5,"column":1}}},"1":{"name":"getCurrentDate","decl":{"start":{"line":6,"column":16},"end":{"line":6,"column":30}},"loc":{"start":{"line":6,"column":30},"end":{"line":8,"column":1}}}},"branchMap":{},"s":{"0":4,"1":4,"2":0,"3":0},"f":{"0":0,"1":0},"b":{}}
,"D:\\family\\luba\\homeworks\\NodeJS\\src\\common\\getUserId.ts": {"path":"D:\\family\\luba\\homeworks\\NodeJS\\src\\common\\getUserId.ts","statementMap":{"0":{"start":{"line":2,"column":0},"end":{"line":2,"column":46}},"1":{"start":{"line":3,"column":0},"end":{"line":3,"column":45}},"2":{"start":{"line":5,"column":25},"end":{"line":12,"column":1}},"3":{"start":{"line":6,"column":17},"end":{"line":6,"column":44}},"4":{"start":{"line":7,"column":2},"end":{"line":10,"column":3}},"5":{"start":{"line":8,"column":4},"end":{"line":8,"column":31}},"6":{"start":{"line":9,"column":4},"end":{"line":9,"column":34}},"7":{"start":{"line":11,"column":2},"end":{"line":11,"column":16}},"8":{"start":{"line":5,"column":13},"end":{"line":5,"column":25}}},"fnMap":{"0":{"name":"(anonymous_0)","decl":{"start":{"line":5,"column":25},"end":{"line":5,"column":26}},"loc":{"start":{"line":5,"column":50},"end":{"line":12,"column":1}}}},"branchMap":{"0":{"loc":{"start":{"line":7,"column":2},"end":{"line":10,"column":3}},"type":"if","locations":[{"start":{"line":7,"column":2},"end":{"line":10,"column":3}}]}},"s":{"0":2,"1":2,"2":2,"3":1,"4":1,"5":0,"6":0,"7":1,"8":2},"f":{"0":1},"b":{"0":[0]}}
,"D:\\family\\luba\\homeworks\\NodeJS\\src\\config\\index.ts": {"path":"D:\\family\\luba\\homeworks\\NodeJS\\src\\config\\index.ts","statementMap":{"0":{"start":{"line":1,"column":0},"end":{"line":1,"column":28}},"1":{"start":{"line":3,"column":20},"end":{"line":3,"column":56}},"2":{"start":{"line":5,"column":0},"end":{"line":7,"column":3}},"3":{"start":{"line":9,"column":0},"end":{"line":20,"column":2}}},"fnMap":{},"branchMap":{"0":{"loc":{"start":{"line":3,"column":20},"end":{"line":3,"column":56}},"type":"binary-expr","locations":[{"start":{"line":3,"column":20},"end":{"line":3,"column":40}},{"start":{"line":3,"column":44},"end":{"line":3,"column":56}}]},"1":{"loc":{"start":{"line":11,"column":8},"end":{"line":11,"column":30}},"type":"binary-expr","locations":[{"start":{"line":11,"column":8},"end":{"line":11,"column":24}},{"start":{"line":11,"column":28},"end":{"line":11,"column":30}}]},"2":{"loc":{"start":{"line":12,"column":11},"end":{"line":12,"column":45}},"type":"binary-expr","locations":[{"start":{"line":12,"column":11},"end":{"line":12,"column":31}},{"start":{"line":12,"column":35},"end":{"line":12,"column":45}}]}},"s":{"0":5,"1":5,"2":5,"3":5},"f":{},"b":{"0":[5,0],"1":[5,0],"2":[5,0]}}
,"D:\\family\\luba\\homeworks\\NodeJS\\src\\controllers\\cart.controller.ts": {"path":"D:\\family\\luba\\homeworks\\NodeJS\\src\\controllers\\cart.controller.ts","statementMap":{"0":{"start":{"line":2,"column":0},"end":{"line":2,"column":56}},"1":{"start":{"line":3,"column":0},"end":{"line":3,"column":48}},"2":{"start":{"line":5,"column":32},"end":{"line":14,"column":1}},"3":{"start":{"line":6,"column":2},"end":{"line":13,"column":3}},"4":{"start":{"line":7,"column":19},"end":{"line":7,"column":33}},"5":{"start":{"line":8,"column":22},"end":{"line":8,"column":42}},"6":{"start":{"line":9,"column":17},"end":{"line":9,"column":70}},"7":{"start":{"line":10,"column":4},"end":{"line":10,"column":31}},"8":{"start":{"line":12,"column":4},"end":{"line":12,"column":12}},"9":{"start":{"line":5,"column":13},"end":{"line":5,"column":32}},"10":{"start":{"line":16,"column":37},"end":{"line":25,"column":1}},"11":{"start":{"line":17,"column":2},"end":{"line":24,"column":3}},"12":{"start":{"line":18,"column":19},"end":{"line":18,"column":33}},"13":{"start":{"line":19,"column":22},"end":{"line":19,"column":42}},"14":{"start":{"line":20,"column":17},"end":{"line":20,"column":75}},"15":{"start":{"line":21,"column":4},"end":{"line":21,"column":31}},"16":{"start":{"line":23,"column":4},"end":{"line":23,"column":12}},"17":{"start":{"line":16,"column":13},"end":{"line":16,"column":37}},"18":{"start":{"line":27,"column":29},"end":{"line":35,"column":1}},"19":{"start":{"line":28,"column":2},"end":{"line":34,"column":3}},"20":{"start":{"line":29,"column":19},"end":{"line":29,"column":33}},"21":{"start":{"line":30,"column":31},"end":{"line":30,"column":70}},"22":{"start":{"line":31,"column":4},"end":{"line":31,"column":45}},"23":{"start":{"line":33,"column":4},"end":{"line":33,"column":12}},"24":{"start":{"line":27,"column":13},"end":{"line":27,"column":29}}},"fnMap":{"0":{"name":"(anonymous_6)","decl":{"start":{"line":5,"column":32},"end":{"line":5,"column":37}},"loc":{"start":{"line":5,"column":90},"end":{"line":14,"column":1}}},"1":{"name":"(anonymous_7)","decl":{"start":{"line":16,"column":37},"end":{"line":16,"column":42}},"loc":{"start":{"line":16,"column":95},"end":{"line":25,"column":1}}},"2":{"name":"(anonymous_8)","decl":{"start":{"line":27,"column":29},"end":{"line":27,"column":34}},"loc":{"start":{"line":27,"column":87},"end":{"line":35,"column":1}}}},"branchMap":{},"s":{"0":2,"1":2,"2":2,"3":1,"4":1,"5":1,"6":1,"7":1,"8":0,"9":2,"10":2,"11":0,"12":0,"13":0,"14":0,"15":0,"16":0,"17":2,"18":2,"19":0,"20":0,"21":0,"22":0,"23":0,"24":2},"f":{"0":1,"1":0,"2":0},"b":{}}
,"D:\\family\\luba\\homeworks\\NodeJS\\src\\controllers\\login.controller.ts": {"path":"D:\\family\\luba\\homeworks\\NodeJS\\src\\controllers\\login.controller.ts","statementMap":{"0":{"start":{"line":1,"column":0},"end":{"line":1,"column":56}},"1":{"start":{"line":2,"column":0},"end":{"line":2,"column":56}},"2":{"start":{"line":4,"column":0},"end":{"line":4,"column":68}},"3":{"start":{"line":6,"column":21},"end":{"line":35,"column":1}},"4":{"start":{"line":7,"column":2},"end":{"line":34,"column":3}},"5":{"start":{"line":8,"column":32},"end":{"line":8,"column":40}},"6":{"start":{"line":9,"column":24},"end":{"line":9,"column":63}},"7":{"start":{"line":11,"column":4},"end":{"line":13,"column":5}},"8":{"start":{"line":12,"column":6},"end":{"line":12,"column":36}},"9":{"start":{"line":15,"column":18},"end":{"line":15,"column":66}},"10":{"start":{"line":17,"column":4},"end":{"line":19,"column":5}},"11":{"start":{"line":18,"column":6},"end":{"line":18,"column":36}},"12":{"start":{"line":21,"column":18},"end":{"line":21,"column":65}},"13":{"start":{"line":22,"column":25},"end":{"line":22,"column":57}},"14":{"start":{"line":24,"column":27},"end":{"line":27,"column":6}},"15":{"start":{"line":29,"column":4},"end":{"line":29,"column":100}},"16":{"start":{"line":31,"column":4},"end":{"line":31,"column":50}},"17":{"start":{"line":33,"column":4},"end":{"line":33,"column":12}},"18":{"start":{"line":6,"column":13},"end":{"line":6,"column":21}}},"fnMap":{"0":{"name":"(anonymous_6)","decl":{"start":{"line":6,"column":21},"end":{"line":6,"column":26}},"loc":{"start":{"line":6,"column":94},"end":{"line":35,"column":1}}}},"branchMap":{"0":{"loc":{"start":{"line":11,"column":4},"end":{"line":13,"column":5}},"type":"if","locations":[{"start":{"line":11,"column":4},"end":{"line":13,"column":5}}]},"1":{"loc":{"start":{"line":17,"column":4},"end":{"line":19,"column":5}},"type":"if","locations":[{"start":{"line":17,"column":4},"end":{"line":19,"column":5}}]}},"s":{"0":2,"1":2,"2":2,"3":2,"4":2,"5":2,"6":2,"7":2,"8":0,"9":2,"10":2,"11":0,"12":2,"13":2,"14":2,"15":2,"16":2,"17":0,"18":2},"f":{"0":2},"b":{"0":[0],"1":[0]}}
,"D:\\family\\luba\\homeworks\\NodeJS\\src\\controllers\\product.controller.ts": {"path":"D:\\family\\luba\\homeworks\\NodeJS\\src\\controllers\\product.controller.ts","statementMap":{"0":{"start":{"line":2,"column":0},"end":{"line":2,"column":62}},"1":{"start":{"line":5,"column":30},"end":{"line":12,"column":1}},"2":{"start":{"line":6,"column":2},"end":{"line":11,"column":3}},"3":{"start":{"line":7,"column":21},"end":{"line":7,"column":58}},"4":{"start":{"line":8,"column":4},"end":{"line":8,"column":35}},"5":{"start":{"line":10,"column":4},"end":{"line":10,"column":12}},"6":{"start":{"line":5,"column":13},"end":{"line":5,"column":30}},"7":{"start":{"line":14,"column":30},"end":{"line":25,"column":1}},"8":{"start":{"line":15,"column":2},"end":{"line":24,"column":3}},"9":{"start":{"line":16,"column":22},"end":{"line":16,"column":42}},"10":{"start":{"line":17,"column":20},"end":{"line":17,"column":66}},"11":{"start":{"line":18,"column":4},"end":{"line":20,"column":5}},"12":{"start":{"line":19,"column":6},"end":{"line":19,"column":20}},"13":{"start":{"line":21,"column":4},"end":{"line":21,"column":34}},"14":{"start":{"line":23,"column":4},"end":{"line":23,"column":12}},"15":{"start":{"line":14,"column":13},"end":{"line":14,"column":30}},"16":{"start":{"line":27,"column":26},"end":{"line":34,"column":1}},"17":{"start":{"line":28,"column":2},"end":{"line":33,"column":3}},"18":{"start":{"line":29,"column":20},"end":{"line":29,"column":61}},"19":{"start":{"line":30,"column":4},"end":{"line":30,"column":34}},"20":{"start":{"line":32,"column":4},"end":{"line":32,"column":12}},"21":{"start":{"line":27,"column":13},"end":{"line":27,"column":26}},"22":{"start":{"line":36,"column":34},"end":{"line":38,"column":1}},"23":{"start":{"line":37,"column":2},"end":{"line":37,"column":46}},"24":{"start":{"line":36,"column":13},"end":{"line":36,"column":34}}},"fnMap":{"0":{"name":"(anonymous_6)","decl":{"start":{"line":5,"column":30},"end":{"line":5,"column":35}},"loc":{"start":{"line":5,"column":102},"end":{"line":12,"column":1}}},"1":{"name":"(anonymous_7)","decl":{"start":{"line":14,"column":30},"end":{"line":14,"column":35}},"loc":{"start":{"line":14,"column":97},"end":{"line":25,"column":1}}},"2":{"name":"(anonymous_8)","decl":{"start":{"line":27,"column":26},"end":{"line":27,"column":31}},"loc":{"start":{"line":27,"column":84},"end":{"line":34,"column":1}}},"3":{"name":"(anonymous_9)","decl":{"start":{"line":36,"column":34},"end":{"line":36,"column":35}},"loc":{"start":{"line":36,"column":66},"end":{"line":38,"column":1}}}},"branchMap":{"0":{"loc":{"start":{"line":18,"column":4},"end":{"line":20,"column":5}},"type":"if","locations":[{"start":{"line":18,"column":4},"end":{"line":20,"column":5}}]}},"s":{"0":2,"1":2,"2":0,"3":0,"4":0,"5":0,"6":2,"7":2,"8":0,"9":0,"10":0,"11":0,"12":0,"13":0,"14":0,"15":2,"16":2,"17":1,"18":1,"19":1,"20":0,"21":2,"22":2,"23":0,"24":2},"f":{"0":0,"1":0,"2":1,"3":0},"b":{"0":[0]}}
,"D:\\family\\luba\\homeworks\\NodeJS\\src\\controllers\\user.contoroller.ts": {"path":"D:\\family\\luba\\homeworks\\NodeJS\\src\\controllers\\user.contoroller.ts","statementMap":{"0":{"start":{"line":1,"column":0},"end":{"line":1,"column":56}},"1":{"start":{"line":4,"column":22},"end":{"line":11,"column":1}},"2":{"start":{"line":5,"column":2},"end":{"line":10,"column":3}},"3":{"start":{"line":6,"column":41},"end":{"line":6,"column":84}},"4":{"start":{"line":7,"column":4},"end":{"line":7,"column":46}},"5":{"start":{"line":9,"column":4},"end":{"line":9,"column":12}},"6":{"start":{"line":4,"column":13},"end":{"line":4,"column":22}}},"fnMap":{"0":{"name":"(anonymous_6)","decl":{"start":{"line":4,"column":22},"end":{"line":4,"column":27}},"loc":{"start":{"line":4,"column":80},"end":{"line":11,"column":1}}}},"branchMap":{},"s":{"0":2,"1":2,"2":4,"3":4,"4":3,"5":1,"6":2},"f":{"0":4},"b":{}}
,"D:\\family\\luba\\homeworks\\NodeJS\\src\\db\\db.ts": {"path":"D:\\family\\luba\\homeworks\\NodeJS\\src\\db\\db.ts","statementMap":{"0":{"start":{"line":1,"column":0},"end":{"line":1,"column":32}},"1":{"start":{"line":2,"column":0},"end":{"line":2,"column":31}},"2":{"start":{"line":4,"column":25},"end":{"line":13,"column":1}},"3":{"start":{"line":5,"column":2},"end":{"line":12,"column":3}},"4":{"start":{"line":7,"column":4},"end":{"line":7,"column":44}},"5":{"start":{"line":8,"column":4},"end":{"line":8,"column":50}},"6":{"start":{"line":10,"column":4},"end":{"line":10,"column":47}},"7":{"start":{"line":11,"column":4},"end":{"line":11,"column":20}},"8":{"start":{"line":4,"column":13},"end":{"line":4,"column":25}},"9":{"start":{"line":15,"column":28},"end":{"line":17,"column":1}},"10":{"start":{"line":16,"column":2},"end":{"line":16,"column":36}},"11":{"start":{"line":15,"column":13},"end":{"line":15,"column":28}},"12":{"start":{"line":19,"column":23},"end":{"line":21,"column":1}},"13":{"start":{"line":20,"column":2},"end":{"line":20,"column":43}},"14":{"start":{"line":19,"column":13},"end":{"line":19,"column":23}}},"fnMap":{"0":{"name":"(anonymous_1)","decl":{"start":{"line":4,"column":25},"end":{"line":4,"column":30}},"loc":{"start":{"line":4,"column":36},"end":{"line":13,"column":1}}},"1":{"name":"(anonymous_2)","decl":{"start":{"line":15,"column":28},"end":{"line":15,"column":33}},"loc":{"start":{"line":15,"column":39},"end":{"line":17,"column":1}}},"2":{"name":"(anonymous_3)","decl":{"start":{"line":19,"column":23},"end":{"line":19,"column":28}},"loc":{"start":{"line":19,"column":34},"end":{"line":21,"column":1}}}},"branchMap":{},"s":{"0":5,"1":5,"2":5,"3":4,"4":4,"5":4,"6":0,"7":0,"8":5,"9":5,"10":4,"11":5,"12":5,"13":3,"14":5},"f":{"0":4,"1":4,"2":3},"b":{}}
,"D:\\family\\luba\\homeworks\\NodeJS\\src\\middleware\\auth.ts": {"path":"D:\\family\\luba\\homeworks\\NodeJS\\src\\middleware\\auth.ts","statementMap":{"0":{"start":{"line":3,"column":0},"end":{"line":3,"column":31}},"1":{"start":{"line":4,"column":0},"end":{"line":4,"column":31}},"2":{"start":{"line":5,"column":0},"end":{"line":5,"column":53}},"3":{"start":{"line":7,"column":20},"end":{"line":17,"column":1}},"4":{"start":{"line":8,"column":20},"end":{"line":8,"column":37}},"5":{"start":{"line":9,"column":2},"end":{"line":16,"column":3}},"6":{"start":{"line":10,"column":24},"end":{"line":10,"column":83}},"7":{"start":{"line":11,"column":4},"end":{"line":11,"column":36}},"8":{"start":{"line":12,"column":4},"end":{"line":12,"column":11}},"9":{"start":{"line":14,"column":4},"end":{"line":14,"column":29}},"10":{"start":{"line":15,"column":4},"end":{"line":15,"column":34}},"11":{"start":{"line":7,"column":13},"end":{"line":7,"column":20}}},"fnMap":{"0":{"name":"(anonymous_1)","decl":{"start":{"line":7,"column":20},"end":{"line":7,"column":21}},"loc":{"start":{"line":7,"column":82},"end":{"line":17,"column":1}}}},"branchMap":{"0":{"loc":{"start":{"line":9,"column":2},"end":{"line":16,"column":3}},"type":"if","locations":[{"start":{"line":9,"column":2},"end":{"line":16,"column":3}},{"start":{"line":13,"column":9},"end":{"line":16,"column":3}}]}},"s":{"0":2,"1":2,"2":2,"3":2,"4":2,"5":2,"6":2,"7":2,"8":2,"9":0,"10":0,"11":2},"f":{"0":2},"b":{"0":[2,0]}}
,"D:\\family\\luba\\homeworks\\NodeJS\\src\\middleware\\checkPermissions.ts": {"path":"D:\\family\\luba\\homeworks\\NodeJS\\src\\middleware\\checkPermissions.ts","statementMap":{"0":{"start":{"line":2,"column":0},"end":{"line":2,"column":50}},"1":{"start":{"line":5,"column":32},"end":{"line":14,"column":1}},"2":{"start":{"line":6,"column":2},"end":{"line":13,"column":4}},"3":{"start":{"line":7,"column":25},"end":{"line":7,"column":28}},"4":{"start":{"line":8,"column":4},"end":{"line":12,"column":5}},"5":{"start":{"line":9,"column":6},"end":{"line":9,"column":13}},"6":{"start":{"line":11,"column":6},"end":{"line":11,"column":33}},"7":{"start":{"line":5,"column":13},"end":{"line":5,"column":32}}},"fnMap":{"0":{"name":"(anonymous_0)","decl":{"start":{"line":5,"column":32},"end":{"line":5,"column":33}},"loc":{"start":{"line":5,"column":57},"end":{"line":14,"column":1}}},"1":{"name":"(anonymous_1)","decl":{"start":{"line":6,"column":9},"end":{"line":6,"column":10}},"loc":{"start":{"line":6,"column":65},"end":{"line":13,"column":3}}}},"branchMap":{"0":{"loc":{"start":{"line":8,"column":4},"end":{"line":12,"column":5}},"type":"if","locations":[{"start":{"line":8,"column":4},"end":{"line":12,"column":5}},{"start":{"line":10,"column":11},"end":{"line":12,"column":5}}]},"1":{"loc":{"start":{"line":8,"column":8},"end":{"line":8,"column":44}},"type":"binary-expr","locations":[{"start":{"line":8,"column":8},"end":{"line":8,"column":16}},{"start":{"line":8,"column":20},"end":{"line":8,"column":44}}]}},"s":{"0":2,"1":2,"2":4,"3":1,"4":1,"5":1,"6":0,"7":2},"f":{"0":4,"1":1},"b":{"0":[1,0],"1":[1,1]}}
,"D:\\family\\luba\\homeworks\\NodeJS\\src\\middleware\\errorHandler.ts": {"path":"D:\\family\\luba\\homeworks\\NodeJS\\src\\middleware\\errorHandler.ts","statementMap":{"0":{"start":{"line":4,"column":22},"end":{"line":12,"column":1}},"1":{"start":{"line":5,"column":25},"end":{"line":5,"column":43}},"2":{"start":{"line":7,"column":2},"end":{"line":11,"column":4}},"3":{"start":{"line":14,"column":0},"end":{"line":14,"column":28}}},"fnMap":{"0":{"name":"(anonymous_0)","decl":{"start":{"line":4,"column":22},"end":{"line":4,"column":23}},"loc":{"start":{"line":4,"column":82},"end":{"line":12,"column":1}}}},"branchMap":{"0":{"loc":{"start":{"line":7,"column":13},"end":{"line":7,"column":30}},"type":"binary-expr","locations":[{"start":{"line":7,"column":13},"end":{"line":7,"column":23}},{"start":{"line":7,"column":27},"end":{"line":7,"column":30}}]}},"s":{"0":2,"1":1,"2":1,"3":2},"f":{"0":1},"b":{"0":[1,1]}}
,"D:\\family\\luba\\homeworks\\NodeJS\\src\\middleware\\validate.ts": {"path":"D:\\family\\luba\\homeworks\\NodeJS\\src\\middleware\\validate.ts","statementMap":{"0":{"start":{"line":2,"column":0},"end":{"line":2,"column":22}},"1":{"start":{"line":4,"column":15},"end":{"line":16,"column":2}},"2":{"start":{"line":18,"column":36},"end":{"line":25,"column":1}},"3":{"start":{"line":19,"column":20},"end":{"line":19,"column":45}},"4":{"start":{"line":20,"column":2},"end":{"line":24,"column":3}},"5":{"start":{"line":21,"column":4},"end":{"line":21,"column":11}},"6":{"start":{"line":23,"column":4},"end":{"line":23,"column":64}},"7":{"start":{"line":18,"column":13},"end":{"line":18,"column":36}}},"fnMap":{"0":{"name":"(anonymous_1)","decl":{"start":{"line":18,"column":36},"end":{"line":18,"column":37}},"loc":{"start":{"line":18,"column":88},"end":{"line":25,"column":1}}}},"branchMap":{"0":{"loc":{"start":{"line":20,"column":2},"end":{"line":24,"column":3}},"type":"if","locations":[{"start":{"line":20,"column":2},"end":{"line":24,"column":3}},{"start":{"line":22,"column":9},"end":{"line":24,"column":3}}]}},"s":{"0":2,"1":2,"2":2,"3":4,"4":4,"5":4,"6":0,"7":2},"f":{"0":4},"b":{"0":[4,0]}}
,"D:\\family\\luba\\homeworks\\NodeJS\\src\\models\\cart.model.ts": {"path":"D:\\family\\luba\\homeworks\\NodeJS\\src\\models\\cart.model.ts","statementMap":{"0":{"start":{"line":1,"column":0},"end":{"line":1,"column":32}},"1":{"start":{"line":3,"column":0},"end":{"line":3,"column":36}},"2":{"start":{"line":5,"column":0},"end":{"line":5,"column":60}},"3":{"start":{"line":8,"column":19},"end":{"line":8,"column":27}},"4":{"start":{"line":15,"column":19},"end":{"line":27,"column":null}},"5":{"start":{"line":30,"column":23},"end":{"line":40,"column":1}},"6":{"start":{"line":31,"column":2},"end":{"line":39,"column":4}},"7":{"start":{"line":30,"column":13},"end":{"line":30,"column":23}},"8":{"start":{"line":42,"column":13},"end":{"line":42,"column":60}}},"fnMap":{"0":{"name":"(anonymous_1)","decl":{"start":{"line":30,"column":23},"end":{"line":30,"column":24}},"loc":{"start":{"line":30,"column":45},"end":{"line":40,"column":1}}}},"branchMap":{},"s":{"0":3,"1":3,"2":3,"3":3,"4":3,"5":3,"6":22,"7":3,"8":3},"f":{"0":22},"b":{}}
,"D:\\family\\luba\\homeworks\\NodeJS\\src\\models\\product.model.ts": {"path":"D:\\family\\luba\\homeworks\\NodeJS\\src\\models\\product.model.ts","statementMap":{"0":{"start":{"line":1,"column":0},"end":{"line":1,"column":36}},"1":{"start":{"line":2,"column":0},"end":{"line":2,"column":32}},"2":{"start":{"line":4,"column":19},"end":{"line":4,"column":27}},"3":{"start":{"line":14,"column":13},"end":{"line":40,"column":2}},"4":{"start":{"line":42,"column":23},"end":{"line":48,"column":2}},"5":{"start":{"line":42,"column":56},"end":{"line":48,"column":2}},"6":{"start":{"line":42,"column":13},"end":{"line":42,"column":23}},"7":{"start":{"line":50,"column":13},"end":{"line":50,"column":69}}},"fnMap":{"0":{"name":"(anonymous_1)","decl":{"start":{"line":42,"column":23},"end":{"line":42,"column":24}},"loc":{"start":{"line":42,"column":56},"end":{"line":48,"column":2}}}},"branchMap":{},"s":{"0":4,"1":4,"2":4,"3":4,"4":4,"5":43,"6":4,"7":4},"f":{"0":43},"b":{}}
,"D:\\family\\luba\\homeworks\\NodeJS\\src\\models\\user.model.ts": {"path":"D:\\family\\luba\\homeworks\\NodeJS\\src\\models\\user.model.ts","statementMap":{"0":{"start":{"line":1,"column":0},"end":{"line":1,"column":32}},"1":{"start":{"line":2,"column":19},"end":{"line":2,"column":27}},"2":{"start":{"line":3,"column":0},"end":{"line":3,"column":49}},"3":{"start":{"line":4,"column":0},"end":{"line":4,"column":36}},"4":{"start":{"line":14,"column":19},"end":{"line":39,"column":null}},"5":{"start":{"line":42,"column":23},"end":{"line":48,"column":2}},"6":{"start":{"line":42,"column":47},"end":{"line":48,"column":2}},"7":{"start":{"line":42,"column":13},"end":{"line":42,"column":23}},"8":{"start":{"line":50,"column":13},"end":{"line":50,"column":60}}},"fnMap":{"0":{"name":"(anonymous_1)","decl":{"start":{"line":42,"column":23},"end":{"line":42,"column":24}},"loc":{"start":{"line":42,"column":47},"end":{"line":48,"column":2}}}},"branchMap":{},"s":{"0":4,"1":4,"2":4,"3":4,"4":4,"5":4,"6":15,"7":4,"8":4},"f":{"0":15},"b":{}}
,"D:\\family\\luba\\homeworks\\NodeJS\\src\\repositories\\cart.repository.ts": {"path":"D:\\family\\luba\\homeworks\\NodeJS\\src\\repositories\\cart.repository.ts","statementMap":{"0":{"start":{"line":2,"column":0},"end":{"line":2,"column":58}},"1":{"start":{"line":5,"column":23},"end":{"line":15,"column":1}},"2":{"start":{"line":6,"column":13},"end":{"line":6,"column":85}},"3":{"start":{"line":7,"column":2},"end":{"line":13,"column":3}},"4":{"start":{"line":8,"column":20},"end":{"line":11,"column":13}},"5":{"start":{"line":12,"column":4},"end":{"line":12,"column":56}},"6":{"start":{"line":14,"column":2},"end":{"line":14,"column":23}},"7":{"start":{"line":5,"column":13},"end":{"line":5,"column":23}},"8":{"start":{"line":17,"column":26},"end":{"line":32,"column":1}},"9":{"start":{"line":18,"column":19},"end":{"line":18,"column":52}},"10":{"start":{"line":18,"column":49},"end":{"line":18,"column":51}},"11":{"start":{"line":19,"column":22},"end":{"line":25,"column":34}},"12":{"start":{"line":27,"column":2},"end":{"line":29,"column":3}},"13":{"start":{"line":28,"column":4},"end":{"line":28,"column":16}},"14":{"start":{"line":31,"column":2},"end":{"line":31,"column":30}},"15":{"start":{"line":17,"column":13},"end":{"line":17,"column":26}}},"fnMap":{"0":{"name":"(anonymous_0)","decl":{"start":{"line":5,"column":23},"end":{"line":5,"column":28}},"loc":{"start":{"line":5,"column":63},"end":{"line":15,"column":1}}},"1":{"name":"(anonymous_1)","decl":{"start":{"line":17,"column":26},"end":{"line":17,"column":31}},"loc":{"start":{"line":17,"column":69},"end":{"line":32,"column":1}}},"2":{"name":"(anonymous_2)","decl":{"start":{"line":18,"column":37},"end":{"line":18,"column":38}},"loc":{"start":{"line":18,"column":49},"end":{"line":18,"column":51}}}},"branchMap":{"0":{"loc":{"start":{"line":7,"column":2},"end":{"line":13,"column":3}},"type":"if","locations":[{"start":{"line":7,"column":2},"end":{"line":13,"column":3}}]},"1":{"loc":{"start":{"line":27,"column":2},"end":{"line":29,"column":3}},"type":"if","locations":[{"start":{"line":27,"column":2},"end":{"line":29,"column":3}}]}},"s":{"0":3,"1":3,"2":13,"3":13,"4":7,"5":7,"6":13,"7":3,"8":3,"9":9,"10":11,"11":9,"12":9,"13":0,"14":9,"15":3},"f":{"0":13,"1":9,"2":11},"b":{"0":[7],"1":[0]}}
,"D:\\family\\luba\\homeworks\\NodeJS\\src\\repositories\\product.repository.ts": {"path":"D:\\family\\luba\\homeworks\\NodeJS\\src\\repositories\\product.repository.ts","statementMap":{"0":{"start":{"line":3,"column":0},"end":{"line":3,"column":63}},"1":{"start":{"line":5,"column":27},"end":{"line":11,"column":1}},"2":{"start":{"line":6,"column":19},"end":{"line":6,"column":44}},"3":{"start":{"line":7,"column":2},"end":{"line":9,"column":3}},"4":{"start":{"line":8,"column":4},"end":{"line":8,"column":14}},"5":{"start":{"line":10,"column":2},"end":{"line":10,"column":31}},"6":{"start":{"line":5,"column":13},"end":{"line":5,"column":27}},"7":{"start":{"line":13,"column":30},"end":{"line":19,"column":1}},"8":{"start":{"line":14,"column":18},"end":{"line":14,"column":63}},"9":{"start":{"line":15,"column":2},"end":{"line":17,"column":3}},"10":{"start":{"line":16,"column":4},"end":{"line":16,"column":16}},"11":{"start":{"line":18,"column":2},"end":{"line":18,"column":26}},"12":{"start":{"line":13,"column":13},"end":{"line":13,"column":30}},"13":{"start":{"line":21,"column":26},"end":{"line":26,"column":1}},"14":{"start":{"line":22,"column":26},"end":{"line":22,"column":33}},"15":{"start":{"line":23,"column":21},"end":{"line":23,"column":59}},"16":{"start":{"line":24,"column":2},"end":{"line":24,"column":26}},"17":{"start":{"line":25,"column":2},"end":{"line":25,"column":29}},"18":{"start":{"line":21,"column":13},"end":{"line":21,"column":26}},"19":{"start":{"line":28,"column":31},"end":{"line":31,"column":1}},"20":{"start":{"line":29,"column":14},"end":{"line":29,"column":102}},"21":{"start":{"line":29,"column":79},"end":{"line":29,"column":99}},"22":{"start":{"line":30,"column":2},"end":{"line":30,"column":26}},"23":{"start":{"line":28,"column":13},"end":{"line":28,"column":31}}},"fnMap":{"0":{"name":"(anonymous_0)","decl":{"start":{"line":5,"column":27},"end":{"line":5,"column":32}},"loc":{"start":{"line":5,"column":63},"end":{"line":11,"column":1}}},"1":{"name":"(anonymous_1)","decl":{"start":{"line":13,"column":30},"end":{"line":13,"column":35}},"loc":{"start":{"line":13,"column":83},"end":{"line":19,"column":1}}},"2":{"name":"(anonymous_2)","decl":{"start":{"line":21,"column":26},"end":{"line":21,"column":31}},"loc":{"start":{"line":21,"column":77},"end":{"line":26,"column":1}}},"3":{"name":"(anonymous_3)","decl":{"start":{"line":28,"column":31},"end":{"line":28,"column":36}},"loc":{"start":{"line":28,"column":97},"end":{"line":31,"column":1}}},"4":{"name":"(anonymous_4)","decl":{"start":{"line":29,"column":57},"end":{"line":29,"column":58}},"loc":{"start":{"line":29,"column":79},"end":{"line":29,"column":99}}}},"branchMap":{"0":{"loc":{"start":{"line":7,"column":2},"end":{"line":9,"column":3}},"type":"if","locations":[{"start":{"line":7,"column":2},"end":{"line":9,"column":3}}]},"1":{"loc":{"start":{"line":15,"column":2},"end":{"line":17,"column":3}},"type":"if","locations":[{"start":{"line":15,"column":2},"end":{"line":17,"column":3}}]}},"s":{"0":4,"1":4,"2":2,"3":2,"4":0,"5":2,"6":4,"7":4,"8":11,"9":11,"10":2,"11":9,"12":4,"13":4,"14":9,"15":9,"16":9,"17":9,"18":4,"19":4,"20":2,"21":6,"22":2,"23":4},"f":{"0":2,"1":11,"2":9,"3":2,"4":6},"b":{"0":[0],"1":[2]}}
,"D:\\family\\luba\\homeworks\\NodeJS\\src\\repositories\\user.repository.ts": {"path":"D:\\family\\luba\\homeworks\\NodeJS\\src\\repositories\\user.repository.ts","statementMap":{"0":{"start":{"line":1,"column":0},"end":{"line":1,"column":58}},"1":{"start":{"line":4,"column":27},"end":{"line":10,"column":1}},"2":{"start":{"line":5,"column":15},"end":{"line":5,"column":55}},"3":{"start":{"line":6,"column":2},"end":{"line":8,"column":3}},"4":{"start":{"line":7,"column":4},"end":{"line":7,"column":16}},"5":{"start":{"line":9,"column":2},"end":{"line":9,"column":23}},"6":{"start":{"line":4,"column":13},"end":{"line":4,"column":27}},"7":{"start":{"line":12,"column":23},"end":{"line":16,"column":1}},"8":{"start":{"line":13,"column":18},"end":{"line":13,"column":37}},"9":{"start":{"line":14,"column":2},"end":{"line":14,"column":23}},"10":{"start":{"line":15,"column":2},"end":{"line":15,"column":26}},"11":{"start":{"line":12,"column":13},"end":{"line":12,"column":23}},"12":{"start":{"line":18,"column":30},"end":{"line":24,"column":1}},"13":{"start":{"line":19,"column":15},"end":{"line":19,"column":49}},"14":{"start":{"line":20,"column":2},"end":{"line":22,"column":3}},"15":{"start":{"line":21,"column":4},"end":{"line":21,"column":16}},"16":{"start":{"line":23,"column":2},"end":{"line":23,"column":23}},"17":{"start":{"line":18,"column":13},"end":{"line":18,"column":30}}},"fnMap":{"0":{"name":"(anonymous_0)","decl":{"start":{"line":4,"column":27},"end":{"line":4,"column":32}},"loc":{"start":{"line":4,"column":74},"end":{"line":10,"column":1}}},"1":{"name":"(anonymous_1)","decl":{"start":{"line":12,"column":23},"end":{"line":12,"column":28}},"loc":{"start":{"line":12,"column":65},"end":{"line":16,"column":1}}},"2":{"name":"(anonymous_2)","decl":{"start":{"line":18,"column":30},"end":{"line":18,"column":35}},"loc":{"start":{"line":18,"column":76},"end":{"line":24,"column":1}}}},"branchMap":{"0":{"loc":{"start":{"line":6,"column":2},"end":{"line":8,"column":3}},"type":"if","locations":[{"start":{"line":6,"column":2},"end":{"line":8,"column":3}}]},"1":{"loc":{"start":{"line":20,"column":2},"end":{"line":22,"column":3}},"type":"if","locations":[{"start":{"line":20,"column":2},"end":{"line":22,"column":3}}]}},"s":{"0":4,"1":4,"2":0,"3":0,"4":0,"5":0,"6":4,"7":4,"8":11,"9":11,"10":11,"11":4,"12":4,"13":15,"14":15,"15":11,"16":4,"17":4},"f":{"0":0,"1":11,"2":15},"b":{"0":[0],"1":[11]}}
,"D:\\family\\luba\\homeworks\\NodeJS\\src\\routes\\cart.routes.ts": {"path":"D:\\family\\luba\\homeworks\\NodeJS\\src\\routes\\cart.routes.ts","statementMap":{"0":{"start":{"line":1,"column":0},"end":{"line":1,"column":33}},"1":{"start":{"line":2,"column":0},"end":{"line":2,"column":65}},"2":{"start":{"line":3,"column":0},"end":{"line":3,"column":42}},"3":{"start":{"line":5,"column":15},"end":{"line":5,"column":23}},"4":{"start":{"line":7,"column":0},"end":{"line":7,"column":65}},"5":{"start":{"line":9,"column":0},"end":{"line":9,"column":73}},"6":{"start":{"line":11,"column":0},"end":{"line":11,"column":61}},"7":{"start":{"line":13,"column":0},"end":{"line":13,"column":22}}},"fnMap":{},"branchMap":{},"s":{"0":2,"1":2,"2":2,"3":2,"4":2,"5":2,"6":2,"7":2},"f":{},"b":{}}
,"D:\\family\\luba\\homeworks\\NodeJS\\src\\routes\\login.routes.ts": {"path":"D:\\family\\luba\\homeworks\\NodeJS\\src\\routes\\login.routes.ts","statementMap":{"0":{"start":{"line":1,"column":0},"end":{"line":1,"column":31}},"1":{"start":{"line":2,"column":0},"end":{"line":2,"column":67}},"2":{"start":{"line":4,"column":15},"end":{"line":4,"column":23}},"3":{"start":{"line":6,"column":0},"end":{"line":6,"column":40}},"4":{"start":{"line":8,"column":0},"end":{"line":8,"column":22}}},"fnMap":{},"branchMap":{},"s":{"0":2,"1":2,"2":2,"3":2,"4":2},"f":{},"b":{}}
,"D:\\family\\luba\\homeworks\\NodeJS\\src\\routes\\product.routes.ts": {"path":"D:\\family\\luba\\homeworks\\NodeJS\\src\\routes\\product.routes.ts","statementMap":{"0":{"start":{"line":1,"column":0},"end":{"line":1,"column":33}},"1":{"start":{"line":2,"column":0},"end":{"line":2,"column":71}},"2":{"start":{"line":3,"column":0},"end":{"line":3,"column":66}},"3":{"start":{"line":4,"column":0},"end":{"line":4,"column":42}},"4":{"start":{"line":5,"column":0},"end":{"line":5,"column":43}},"5":{"start":{"line":7,"column":15},"end":{"line":7,"column":23}},"6":{"start":{"line":9,"column":0},"end":{"line":9,"column":50}},"7":{"start":{"line":11,"column":0},"end":{"line":11,"column":60}},"8":{"start":{"line":13,"column":0},"end":{"line":13,"column":90}},"9":{"start":{"line":15,"column":0},"end":{"line":15,"column":104}},"10":{"start":{"line":17,"column":0},"end":{"line":17,"column":22}}},"fnMap":{},"branchMap":{},"s":{"0":2,"1":2,"2":2,"3":2,"4":2,"5":2,"6":2,"7":2,"8":2,"9":2,"10":2},"f":{},"b":{}}
,"D:\\family\\luba\\homeworks\\NodeJS\\src\\routes\\user.routes.ts": {"path":"D:\\family\\luba\\homeworks\\NodeJS\\src\\routes\\user.routes.ts","statementMap":{"0":{"start":{"line":1,"column":0},"end":{"line":1,"column":31}},"1":{"start":{"line":2,"column":0},"end":{"line":2,"column":62}},"2":{"start":{"line":3,"column":0},"end":{"line":3,"column":66}},"3":{"start":{"line":5,"column":15},"end":{"line":5,"column":23}},"4":{"start":{"line":7,"column":0},"end":{"line":7,"column":62}},"5":{"start":{"line":9,"column":0},"end":{"line":9,"column":22}}},"fnMap":{},"branchMap":{},"s":{"0":2,"1":2,"2":2,"3":2,"4":2,"5":2},"f":{},"b":{}}
,"D:\\family\\luba\\homeworks\\NodeJS\\src\\services\\auth.service.ts": {"path":"D:\\family\\luba\\homeworks\\NodeJS\\src\\services\\auth.service.ts","statementMap":{"0":{"start":{"line":2,"column":0},"end":{"line":2,"column":31}},"1":{"start":{"line":3,"column":0},"end":{"line":3,"column":31}},"2":{"start":{"line":4,"column":0},"end":{"line":4,"column":28}},"3":{"start":{"line":6,"column":33},"end":{"line":11,"column":1}},"4":{"start":{"line":7,"column":24},"end":{"line":9,"column":4}},"5":{"start":{"line":10,"column":2},"end":{"line":10,"column":15}},"6":{"start":{"line":6,"column":13},"end":{"line":6,"column":33}},"7":{"start":{"line":13,"column":34},"end":{"line":18,"column":1}},"8":{"start":{"line":14,"column":31},"end":{"line":16,"column":4}},"9":{"start":{"line":17,"column":2},"end":{"line":17,"column":22}},"10":{"start":{"line":13,"column":13},"end":{"line":13,"column":34}},"11":{"start":{"line":20,"column":29},"end":{"line":23,"column":1}},"12":{"start":{"line":21,"column":16},"end":{"line":21,"column":68}},"13":{"start":{"line":22,"column":2},"end":{"line":22,"column":15}},"14":{"start":{"line":20,"column":13},"end":{"line":20,"column":29}}},"fnMap":{"0":{"name":"(anonymous_1)","decl":{"start":{"line":6,"column":33},"end":{"line":6,"column":34}},"loc":{"start":{"line":6,"column":53},"end":{"line":11,"column":1}}},"1":{"name":"(anonymous_2)","decl":{"start":{"line":13,"column":34},"end":{"line":13,"column":37}},"loc":{"start":{"line":13,"column":39},"end":{"line":18,"column":1}}},"2":{"name":"(anonymous_3)","decl":{"start":{"line":20,"column":29},"end":{"line":20,"column":34}},"loc":{"start":{"line":20,"column":93},"end":{"line":23,"column":1}}}},"branchMap":{},"s":{"0":2,"1":2,"2":2,"3":2,"4":2,"5":2,"6":2,"7":2,"8":2,"9":2,"10":2,"11":2,"12":2,"13":1,"14":2},"f":{"0":2,"1":2,"2":2},"b":{}}
,"D:\\family\\luba\\homeworks\\NodeJS\\src\\services\\cart.service.ts": {"path":"D:\\family\\luba\\homeworks\\NodeJS\\src\\services\\cart.service.ts","statementMap":{"0":{"start":{"line":1,"column":0},"end":{"line":1,"column":49}},"1":{"start":{"line":2,"column":0},"end":{"line":2,"column":66}},"2":{"start":{"line":3,"column":0},"end":{"line":3,"column":72}},"3":{"start":{"line":6,"column":32},"end":{"line":15,"column":1}},"4":{"start":{"line":7,"column":15},"end":{"line":7,"column":51}},"5":{"start":{"line":8,"column":18},"end":{"line":8,"column":67}},"6":{"start":{"line":9,"column":2},"end":{"line":11,"column":3}},"7":{"start":{"line":10,"column":4},"end":{"line":10,"column":30}},"8":{"start":{"line":12,"column":2},"end":{"line":12,"column":30}},"9":{"start":{"line":13,"column":2},"end":{"line":13,"column":40}},"10":{"start":{"line":14,"column":2},"end":{"line":14,"column":14}},"11":{"start":{"line":6,"column":13},"end":{"line":6,"column":32}},"12":{"start":{"line":17,"column":37},"end":{"line":26,"column":1}},"13":{"start":{"line":18,"column":15},"end":{"line":18,"column":51}},"14":{"start":{"line":19,"column":16},"end":{"line":19,"column":69}},"15":{"start":{"line":19,"column":52},"end":{"line":19,"column":68}},"16":{"start":{"line":20,"column":2},"end":{"line":22,"column":3}},"17":{"start":{"line":21,"column":4},"end":{"line":21,"column":30}},"18":{"start":{"line":23,"column":2},"end":{"line":23,"column":33}},"19":{"start":{"line":24,"column":2},"end":{"line":24,"column":40}},"20":{"start":{"line":25,"column":2},"end":{"line":25,"column":14}},"21":{"start":{"line":17,"column":13},"end":{"line":17,"column":37}},"22":{"start":{"line":28,"column":29},"end":{"line":32,"column":1}},"23":{"start":{"line":29,"column":15},"end":{"line":29,"column":51}},"24":{"start":{"line":30,"column":21},"end":{"line":30,"column":77}},"25":{"start":{"line":30,"column":62},"end":{"line":30,"column":73}},"26":{"start":{"line":31,"column":2},"end":{"line":31,"column":33}},"27":{"start":{"line":28,"column":13},"end":{"line":28,"column":29}}},"fnMap":{"0":{"name":"(anonymous_6)","decl":{"start":{"line":6,"column":32},"end":{"line":6,"column":37}},"loc":{"start":{"line":6,"column":91},"end":{"line":15,"column":1}}},"1":{"name":"(anonymous_7)","decl":{"start":{"line":17,"column":37},"end":{"line":17,"column":42}},"loc":{"start":{"line":17,"column":96},"end":{"line":26,"column":1}}},"2":{"name":"(anonymous_8)","decl":{"start":{"line":19,"column":40},"end":{"line":19,"column":41}},"loc":{"start":{"line":19,"column":52},"end":{"line":19,"column":68}}},"3":{"name":"(anonymous_9)","decl":{"start":{"line":28,"column":29},"end":{"line":28,"column":34}},"loc":{"start":{"line":28,"column":75},"end":{"line":32,"column":1}}},"4":{"name":"(anonymous_10)","decl":{"start":{"line":30,"column":42},"end":{"line":30,"column":43}},"loc":{"start":{"line":30,"column":62},"end":{"line":30,"column":73}}}},"branchMap":{"0":{"loc":{"start":{"line":9,"column":2},"end":{"line":11,"column":3}},"type":"if","locations":[{"start":{"line":9,"column":2},"end":{"line":11,"column":3}}]},"1":{"loc":{"start":{"line":20,"column":2},"end":{"line":22,"column":3}},"type":"if","locations":[{"start":{"line":20,"column":2},"end":{"line":22,"column":3}}]}},"s":{"0":3,"1":3,"2":3,"3":3,"4":9,"5":9,"6":9,"7":1,"8":8,"9":8,"10":8,"11":3,"12":3,"13":2,"14":2,"15":2,"16":2,"17":1,"18":1,"19":1,"20":1,"21":3,"22":3,"23":2,"24":2,"25":4,"26":2,"27":3},"f":{"0":9,"1":2,"2":2,"3":2,"4":4},"b":{"0":[1],"1":[1]}}
,"D:\\family\\luba\\homeworks\\NodeJS\\src\\services\\product.service.ts": {"path":"D:\\family\\luba\\homeworks\\NodeJS\\src\\services\\product.service.ts","statementMap":{"0":{"start":{"line":1,"column":0},"end":{"line":1,"column":72}},"1":{"start":{"line":2,"column":0},"end":{"line":2,"column":50}},"2":{"start":{"line":3,"column":0},"end":{"line":3,"column":29}},"3":{"start":{"line":6,"column":0},"end":{"line":6,"column":49}},"4":{"start":{"line":8,"column":30},"end":{"line":10,"column":1}},"5":{"start":{"line":9,"column":2},"end":{"line":9,"column":41}},"6":{"start":{"line":8,"column":13},"end":{"line":8,"column":30}},"7":{"start":{"line":12,"column":30},"end":{"line":18,"column":1}},"8":{"start":{"line":13,"column":18},"end":{"line":13,"column":67}},"9":{"start":{"line":14,"column":2},"end":{"line":16,"column":3}},"10":{"start":{"line":15,"column":4},"end":{"line":15,"column":30}},"11":{"start":{"line":17,"column":2},"end":{"line":17,"column":17}},"12":{"start":{"line":12,"column":13},"end":{"line":12,"column":30}},"13":{"start":{"line":20,"column":26},"end":{"line":23,"column":1}},"14":{"start":{"line":21,"column":21},"end":{"line":21,"column":59}},"15":{"start":{"line":22,"column":2},"end":{"line":22,"column":50}},"16":{"start":{"line":20,"column":13},"end":{"line":20,"column":26}},"17":{"start":{"line":25,"column":34},"end":{"line":52,"column":1}},"18":{"start":{"line":26,"column":2},"end":{"line":26,"column":39}},"19":{"start":{"line":28,"column":46},"end":{"line":28,"column":48}},"20":{"start":{"line":29,"column":20},"end":{"line":29,"column":23}},"21":{"start":{"line":31,"column":2},"end":{"line":51,"column":7}},"22":{"start":{"line":34,"column":6},"end":{"line":39,"column":9}},"23":{"start":{"line":40,"column":6},"end":{"line":42,"column":7}},"24":{"start":{"line":41,"column":8},"end":{"line":41,"column":65}},"25":{"start":{"line":45,"column":6},"end":{"line":45,"column":44}},"26":{"start":{"line":48,"column":6},"end":{"line":48,"column":63}},"27":{"start":{"line":49,"column":6},"end":{"line":49,"column":41}},"28":{"start":{"line":50,"column":6},"end":{"line":50,"column":67}},"29":{"start":{"line":25,"column":13},"end":{"line":25,"column":34}}},"fnMap":{"0":{"name":"(anonymous_7)","decl":{"start":{"line":8,"column":30},"end":{"line":8,"column":58}},"loc":{"start":{"line":8,"column":60},"end":{"line":10,"column":1}}},"1":{"name":"(anonymous_8)","decl":{"start":{"line":12,"column":30},"end":{"line":12,"column":35}},"loc":{"start":{"line":12,"column":83},"end":{"line":18,"column":1}}},"2":{"name":"(anonymous_9)","decl":{"start":{"line":20,"column":26},"end":{"line":20,"column":31}},"loc":{"start":{"line":20,"column":108},"end":{"line":23,"column":1}}},"3":{"name":"(anonymous_10)","decl":{"start":{"line":25,"column":34},"end":{"line":25,"column":35}},"loc":{"start":{"line":25,"column":66},"end":{"line":52,"column":1}}},"4":{"name":"(anonymous_11)","decl":{"start":{"line":33,"column":16},"end":{"line":33,"column":21}},"loc":{"start":{"line":33,"column":31},"end":{"line":43,"column":5}}},"5":{"name":"(anonymous_12)","decl":{"start":{"line":44,"column":17},"end":{"line":44,"column":20}},"loc":{"start":{"line":44,"column":22},"end":{"line":46,"column":5}}},"6":{"name":"(anonymous_13)","decl":{"start":{"line":47,"column":15},"end":{"line":47,"column":20}},"loc":{"start":{"line":47,"column":26},"end":{"line":51,"column":5}}}},"branchMap":{"0":{"loc":{"start":{"line":14,"column":2},"end":{"line":16,"column":3}},"type":"if","locations":[{"start":{"line":14,"column":2},"end":{"line":16,"column":3}}]},"1":{"loc":{"start":{"line":40,"column":6},"end":{"line":42,"column":7}},"type":"if","locations":[{"start":{"line":40,"column":6},"end":{"line":42,"column":7}}]}},"s":{"0":4,"1":4,"2":4,"3":4,"4":4,"5":2,"6":4,"7":4,"8":2,"9":2,"10":1,"11":1,"12":4,"13":4,"14":9,"15":9,"16":4,"17":4,"18":0,"19":0,"20":0,"21":0,"22":0,"23":0,"24":0,"25":0,"26":0,"27":0,"28":0,"29":4},"f":{"0":2,"1":2,"2":9,"3":0,"4":0,"5":0,"6":0},"b":{"0":[1],"1":[0]}}
,"D:\\family\\luba\\homeworks\\NodeJS\\src\\services\\user.service.ts": {"path":"D:\\family\\luba\\homeworks\\NodeJS\\src\\services\\user.service.ts","statementMap":{"0":{"start":{"line":1,"column":0},"end":{"line":1,"column":66}},"1":{"start":{"line":2,"column":0},"end":{"line":2,"column":28}},"2":{"start":{"line":4,"column":0},"end":{"line":4,"column":43}},"3":{"start":{"line":6,"column":31},"end":{"line":14,"column":1}},"4":{"start":{"line":7,"column":23},"end":{"line":7,"column":65}},"5":{"start":{"line":8,"column":2},"end":{"line":10,"column":3}},"6":{"start":{"line":9,"column":4},"end":{"line":9,"column":39}},"7":{"start":{"line":11,"column":23},"end":{"line":11,"column":54}},"8":{"start":{"line":12,"column":18},"end":{"line":12,"column":75}},"9":{"start":{"line":13,"column":2},"end":{"line":13,"column":41}},"10":{"start":{"line":6,"column":13},"end":{"line":6,"column":31}},"11":{"start":{"line":16,"column":30},"end":{"line":22,"column":1}},"12":{"start":{"line":17,"column":15},"end":{"line":17,"column":57}},"13":{"start":{"line":18,"column":2},"end":{"line":20,"column":3}},"14":{"start":{"line":19,"column":4},"end":{"line":19,"column":52}},"15":{"start":{"line":21,"column":2},"end":{"line":21,"column":14}},"16":{"start":{"line":16,"column":13},"end":{"line":16,"column":30}}},"fnMap":{"0":{"name":"(anonymous_7)","decl":{"start":{"line":6,"column":31},"end":{"line":6,"column":36}},"loc":{"start":{"line":6,"column":82},"end":{"line":14,"column":1}}},"1":{"name":"(anonymous_8)","decl":{"start":{"line":16,"column":30},"end":{"line":16,"column":35}},"loc":{"start":{"line":16,"column":76},"end":{"line":22,"column":1}}}},"branchMap":{"0":{"loc":{"start":{"line":8,"column":2},"end":{"line":10,"column":3}},"type":"if","locations":[{"start":{"line":8,"column":2},"end":{"line":10,"column":3}}]},"1":{"loc":{"start":{"line":18,"column":2},"end":{"line":20,"column":3}},"type":"if","locations":[{"start":{"line":18,"column":2},"end":{"line":20,"column":3}}]}},"s":{"0":4,"1":4,"2":4,"3":4,"4":10,"5":10,"6":1,"7":9,"8":9,"9":9,"10":4,"11":4,"12":5,"13":5,"14":2,"15":3,"16":4},"f":{"0":10,"1":5},"b":{"0":[1],"1":[2]}}
,"D:\\family\\luba\\homeworks\\NodeJS\\src\\types\\types.ts": {"path":"D:\\family\\luba\\homeworks\\NodeJS\\src\\types\\types.ts","statementMap":{"0":{"start":{"line":39,"column":0},"end":{"line":39,"column":null}},"1":{"start":{"line":40,"column":2},"end":{"line":40,"column":null}},"2":{"start":{"line":41,"column":2},"end":{"line":41,"column":null}}},"fnMap":{"0":{"name":"(anonymous_0)","decl":{"start":{"line":39,"column":0},"end":{"line":39,"column":12}},"loc":{"start":{"line":39,"column":21},"end":{"line":42,"column":1}}}},"branchMap":{"0":{"loc":{"start":{"line":39,"column":12},"end":{"line":39,"column":null}},"type":"binary-expr","locations":[{"start":{"line":39,"column":12},"end":{"line":39,"column":21}},{"start":{"line":39,"column":21},"end":{"line":39,"column":null}}]}},"s":{"0":4,"1":4,"2":4},"f":{"0":4},"b":{"0":[4,4]}}
}
