TN:
SF:src\constants.ts
FNF:0
FNH:0
DA:1,2
LF:1
LH:1
BRF:0
BRH:0
end_of_record
TN:
SF:src\createAdmin.ts
FN:6,(anonymous_7)
FNF:1
FNH:1
FNDA:3,(anonymous_7)
DA:1,2
DA:2,2
DA:3,2
DA:4,2
DA:6,2
DA:7,3
DA:8,3
DA:9,3
DA:10,1
DA:12,2
DA:13,2
DA:14,2
DA:15,2
LF:13
LH:13
BRDA:12,0,0,2
BRF:1
BRH:1
end_of_record
TN:
SF:src\index.ts
FN:35,(anonymous_1)
FN:38,(anonymous_2)
FN:44,(anonymous_3)
FNF:3
FNH:3
FNDA:2,(anonymous_1)
FNDA:2,(anonymous_2)
FNDA:2,(anonymous_3)
DA:1,2
DA:2,2
DA:3,2
DA:4,2
DA:5,2
DA:6,2
DA:7,2
DA:8,2
DA:9,2
DA:10,2
DA:11,2
DA:12,2
DA:15,2
DA:17,2
DA:18,2
DA:19,2
DA:26,2
DA:27,2
DA:28,2
DA:29,2
DA:31,2
DA:35,2
DA:36,2
DA:37,2
DA:38,2
DA:39,2
DA:41,2
DA:44,2
DA:45,2
DA:46,2
DA:48,2
DA:51,2
DA:53,2
DA:54,0
DA:57,2
LF:35
LH:34
BRDA:45,0,0,2
BRDA:53,1,0,0
BRF:2
BRH:1
end_of_record
TN:
SF:src\common\errors.ts
FN:3,(anonymous_0)
FN:10,(anonymous_1)
FN:16,(anonymous_2)
FN:22,(anonymous_3)
FNF:4
FNH:2
FNDA:3,(anonymous_0)
FNDA:0,(anonymous_1)
FNDA:0,(anonymous_2)
FNDA:3,(anonymous_3)
DA:1,4
DA:4,3
DA:5,3
DA:9,4
DA:11,0
DA:15,4
DA:17,0
DA:21,4
DA:23,3
LF:9
LH:7
BRF:0
BRH:0
end_of_record
TN:
SF:src\common\eventEmitter.ts
FN:10,addLog
FN:11,(anonymous_2)
FN:18,(anonymous_3)
FN:22,(anonymous_4)
FN:26,(anonymous_5)
FNF:5
FNH:0
FNDA:0,addLog
FNDA:0,(anonymous_2)
FNDA:0,(anonymous_3)
FNDA:0,(anonymous_4)
FNDA:0,(anonymous_5)
DA:1,4
DA:2,4
DA:3,4
DA:4,4
DA:5,4
DA:7,4
DA:8,4
DA:11,0
DA:12,0
DA:13,0
DA:18,4
DA:19,0
DA:22,4
DA:23,0
DA:26,4
DA:27,0
DA:30,4
LF:17
LH:11
BRDA:12,0,0,0
BRF:1
BRH:0
end_of_record
TN:
SF:src\common\formatDate.ts
FN:3,formatDate
FN:6,getCurrentDate
FNF:2
FNH:0
FNDA:0,formatDate
FNDA:0,getCurrentDate
DA:1,4
DA:4,0
DA:6,4
DA:7,0
LF:4
LH:2
BRF:0
BRH:0
end_of_record
TN:
SF:src\common\getUserId.ts
FN:5,(anonymous_0)
FNF:1
FNH:1
FNDA:1,(anonymous_0)
DA:2,2
DA:3,2
DA:5,2
DA:6,1
DA:7,1
DA:8,0
DA:9,0
DA:11,1
LF:8
LH:6
BRDA:7,0,0,0
BRF:1
BRH:0
end_of_record
TN:
SF:src\config\index.ts
FNF:0
FNH:0
DA:1,5
DA:3,5
DA:5,5
DA:9,5
LF:4
LH:4
BRDA:3,0,0,5
BRDA:3,0,1,0
BRDA:11,1,0,5
BRDA:11,1,1,0
BRDA:12,2,0,5
BRDA:12,2,1,0
BRF:6
BRH:3
end_of_record
TN:
SF:src\controllers\cart.controller.ts
FN:5,(anonymous_6)
FN:16,(anonymous_7)
FN:27,(anonymous_8)
FNF:3
FNH:1
FNDA:1,(anonymous_6)
FNDA:0,(anonymous_7)
FNDA:0,(anonymous_8)
DA:2,2
DA:3,2
DA:5,2
DA:6,1
DA:7,1
DA:8,1
DA:9,1
DA:10,1
DA:12,0
DA:16,2
DA:17,0
DA:18,0
DA:19,0
DA:20,0
DA:21,0
DA:23,0
DA:27,2
DA:28,0
DA:29,0
DA:30,0
DA:31,0
DA:33,0
LF:22
LH:10
BRF:0
BRH:0
end_of_record
TN:
SF:src\controllers\login.controller.ts
FN:6,(anonymous_6)
FNF:1
FNH:1
FNDA:2,(anonymous_6)
DA:1,2
DA:2,2
DA:4,2
DA:6,2
DA:7,2
DA:8,2
DA:9,2
DA:11,2
DA:12,0
DA:15,2
DA:17,2
DA:18,0
DA:21,2
DA:22,2
DA:24,2
DA:29,2
DA:31,2
DA:33,0
LF:18
LH:15
BRDA:11,0,0,0
BRDA:17,1,0,0
BRF:2
BRH:0
end_of_record
TN:
SF:src\controllers\product.controller.ts
FN:5,(anonymous_6)
FN:14,(anonymous_7)
FN:27,(anonymous_8)
FN:36,(anonymous_9)
FNF:4
FNH:1
FNDA:0,(anonymous_6)
FNDA:0,(anonymous_7)
FNDA:1,(anonymous_8)
FNDA:0,(anonymous_9)
DA:2,2
DA:5,2
DA:6,0
DA:7,0
DA:8,0
DA:10,0
DA:14,2
DA:15,0
DA:16,0
DA:17,0
DA:18,0
DA:19,0
DA:21,0
DA:23,0
DA:27,2
DA:28,1
DA:29,1
DA:30,1
DA:32,0
DA:36,2
DA:37,0
LF:21
LH:8
BRDA:18,0,0,0
BRF:1
BRH:0
end_of_record
TN:
SF:src\controllers\user.contoroller.ts
FN:4,(anonymous_6)
FNF:1
FNH:1
FNDA:4,(anonymous_6)
DA:1,2
DA:4,2
DA:5,4
DA:6,4
DA:7,3
DA:9,1
LF:6
LH:6
BRF:0
BRH:0
end_of_record
TN:
SF:src\db\db.ts
FN:4,(anonymous_1)
FN:15,(anonymous_2)
FN:19,(anonymous_3)
FNF:3
FNH:3
FNDA:4,(anonymous_1)
FNDA:4,(anonymous_2)
FNDA:3,(anonymous_3)
DA:1,5
DA:2,5
DA:4,5
DA:5,4
DA:7,4
DA:8,4
DA:10,0
DA:11,0
DA:15,5
DA:16,4
DA:19,5
DA:20,3
LF:12
LH:10
BRF:0
BRH:0
end_of_record
TN:
SF:src\middleware\auth.ts
FN:7,(anonymous_1)
FNF:1
FNH:1
FNDA:2,(anonymous_1)
DA:3,2
DA:4,2
DA:5,2
DA:7,2
DA:8,2
DA:9,2
DA:10,2
DA:11,2
DA:12,2
DA:14,0
DA:15,0
LF:11
LH:9
BRDA:9,0,0,2
BRDA:9,0,1,0
BRF:2
BRH:1
end_of_record
TN:
SF:src\middleware\checkPermissions.ts
FN:5,(anonymous_0)
FN:6,(anonymous_1)
FNF:2
FNH:2
FNDA:4,(anonymous_0)
FNDA:1,(anonymous_1)
DA:2,2
DA:5,2
DA:6,4
DA:7,1
DA:8,1
DA:9,1
DA:11,0
LF:7
LH:6
BRDA:8,0,0,1
BRDA:8,0,1,0
BRDA:8,1,0,1
BRDA:8,1,1,1
BRF:4
BRH:3
end_of_record
TN:
SF:src\middleware\errorHandler.ts
FN:4,(anonymous_0)
FNF:1
FNH:1
FNDA:1,(anonymous_0)
DA:4,2
DA:5,1
DA:7,1
DA:14,2
LF:4
LH:4
BRDA:7,0,0,1
BRDA:7,0,1,1
BRF:2
BRH:2
end_of_record
TN:
SF:src\middleware\validate.ts
FN:18,(anonymous_1)
FNF:1
FNH:1
FNDA:4,(anonymous_1)
DA:2,2
DA:4,2
DA:18,2
DA:19,4
DA:20,4
DA:21,4
DA:23,0
LF:7
LH:6
BRDA:20,0,0,4
BRDA:20,0,1,0
BRF:2
BRH:1
end_of_record
TN:
SF:src\models\cart.model.ts
FN:30,(anonymous_1)
FNF:1
FNH:1
FNDA:22,(anonymous_1)
DA:1,3
DA:3,3
DA:5,3
DA:8,3
DA:15,3
DA:30,3
DA:31,22
DA:42,3
LF:8
LH:8
BRF:0
BRH:0
end_of_record
TN:
SF:src\models\product.model.ts
FN:42,(anonymous_1)
FNF:1
FNH:1
FNDA:43,(anonymous_1)
DA:1,4
DA:2,4
DA:4,4
DA:14,4
DA:42,43
DA:50,4
LF:6
LH:6
BRF:0
BRH:0
end_of_record
TN:
SF:src\models\user.model.ts
FN:42,(anonymous_1)
FNF:1
FNH:1
FNDA:15,(anonymous_1)
DA:1,4
DA:2,4
DA:3,4
DA:4,4
DA:14,4
DA:42,15
DA:50,4
LF:7
LH:7
BRF:0
BRH:0
end_of_record
TN:
SF:src\repositories\cart.repository.ts
FN:5,(anonymous_0)
FN:17,(anonymous_1)
FN:18,(anonymous_2)
FNF:3
FNH:3
FNDA:13,(anonymous_0)
FNDA:9,(anonymous_1)
FNDA:11,(anonymous_2)
DA:2,3
DA:5,3
DA:6,13
DA:7,13
DA:8,7
DA:12,7
DA:14,13
DA:17,3
DA:18,11
DA:19,9
DA:27,9
DA:28,0
DA:31,9
LF:13
LH:12
BRDA:7,0,0,7
BRDA:27,1,0,0
BRF:2
BRH:1
end_of_record
TN:
SF:src\repositories\product.repository.ts
FN:5,(anonymous_0)
FN:13,(anonymous_1)
FN:21,(anonymous_2)
FN:28,(anonymous_3)
FN:29,(anonymous_4)
FNF:5
FNH:5
FNDA:2,(anonymous_0)
FNDA:11,(anonymous_1)
FNDA:9,(anonymous_2)
FNDA:2,(anonymous_3)
FNDA:6,(anonymous_4)
DA:3,4
DA:5,4
DA:6,2
DA:7,2
DA:8,0
DA:10,2
DA:13,4
DA:14,11
DA:15,11
DA:16,2
DA:18,9
DA:21,4
DA:22,9
DA:23,9
DA:24,9
DA:25,9
DA:28,4
DA:29,6
DA:30,2
LF:19
LH:18
BRDA:7,0,0,0
BRDA:15,1,0,2
BRF:2
BRH:1
end_of_record
TN:
SF:src\repositories\user.repository.ts
FN:4,(anonymous_0)
FN:12,(anonymous_1)
FN:18,(anonymous_2)
FNF:3
FNH:2
FNDA:0,(anonymous_0)
FNDA:11,(anonymous_1)
FNDA:15,(anonymous_2)
DA:1,4
DA:4,4
DA:5,0
DA:6,0
DA:7,0
DA:9,0
DA:12,4
DA:13,11
DA:14,11
DA:15,11
DA:18,4
DA:19,15
DA:20,15
DA:21,11
DA:23,4
LF:15
LH:11
BRDA:6,0,0,0
BRDA:20,1,0,11
BRF:2
BRH:1
end_of_record
TN:
SF:src\routes\cart.routes.ts
FNF:0
FNH:0
DA:1,2
DA:2,2
DA:3,2
DA:5,2
DA:7,2
DA:9,2
DA:11,2
DA:13,2
LF:8
LH:8
BRF:0
BRH:0
end_of_record
TN:
SF:src\routes\login.routes.ts
FNF:0
FNH:0
DA:1,2
DA:2,2
DA:4,2
DA:6,2
DA:8,2
LF:5
LH:5
BRF:0
BRH:0
end_of_record
TN:
SF:src\routes\product.routes.ts
FNF:0
FNH:0
DA:1,2
DA:2,2
DA:3,2
DA:4,2
DA:5,2
DA:7,2
DA:9,2
DA:11,2
DA:13,2
DA:15,2
DA:17,2
LF:11
LH:11
BRF:0
BRH:0
end_of_record
TN:
SF:src\routes\user.routes.ts
FNF:0
FNH:0
DA:1,2
DA:2,2
DA:3,2
DA:5,2
DA:7,2
DA:9,2
LF:6
LH:6
BRF:0
BRH:0
end_of_record
TN:
SF:src\services\auth.service.ts
FN:6,(anonymous_1)
FN:13,(anonymous_2)
FN:20,(anonymous_3)
FNF:3
FNH:3
FNDA:2,(anonymous_1)
FNDA:2,(anonymous_2)
FNDA:2,(anonymous_3)
DA:2,2
DA:3,2
DA:4,2
DA:6,2
DA:7,2
DA:10,2
DA:13,2
DA:14,2
DA:17,2
DA:20,2
DA:21,2
DA:22,1
LF:12
LH:12
BRF:0
BRH:0
end_of_record
TN:
SF:src\services\cart.service.ts
FN:6,(anonymous_6)
FN:17,(anonymous_7)
FN:19,(anonymous_8)
FN:28,(anonymous_9)
FN:30,(anonymous_10)
FNF:5
FNH:5
FNDA:9,(anonymous_6)
FNDA:2,(anonymous_7)
FNDA:2,(anonymous_8)
FNDA:2,(anonymous_9)
FNDA:4,(anonymous_10)
DA:1,3
DA:2,3
DA:3,3
DA:6,3
DA:7,9
DA:8,9
DA:9,9
DA:10,1
DA:12,8
DA:13,8
DA:14,8
DA:17,3
DA:18,2
DA:19,2
DA:20,2
DA:21,1
DA:23,1
DA:24,1
DA:25,1
DA:28,3
DA:29,2
DA:30,4
DA:31,2
LF:23
LH:23
BRDA:9,0,0,1
BRDA:20,1,0,1
BRF:2
BRH:2
end_of_record
TN:
SF:src\services\product.service.ts
FN:8,(anonymous_7)
FN:12,(anonymous_8)
FN:20,(anonymous_9)
FN:25,(anonymous_10)
FN:33,(anonymous_11)
FN:44,(anonymous_12)
FN:47,(anonymous_13)
FNF:7
FNH:3
FNDA:2,(anonymous_7)
FNDA:2,(anonymous_8)
FNDA:9,(anonymous_9)
FNDA:0,(anonymous_10)
FNDA:0,(anonymous_11)
FNDA:0,(anonymous_12)
FNDA:0,(anonymous_13)
DA:1,4
DA:2,4
DA:3,4
DA:6,4
DA:8,4
DA:9,2
DA:12,4
DA:13,2
DA:14,2
DA:15,1
DA:17,1
DA:20,4
DA:21,9
DA:22,9
DA:25,4
DA:26,0
DA:28,0
DA:29,0
DA:31,0
DA:34,0
DA:40,0
DA:41,0
DA:45,0
DA:48,0
DA:49,0
DA:50,0
LF:26
LH:15
BRDA:14,0,0,1
BRDA:40,1,0,0
BRF:2
BRH:1
end_of_record
TN:
SF:src\services\user.service.ts
FN:6,(anonymous_7)
FN:16,(anonymous_8)
FNF:2
FNH:2
FNDA:10,(anonymous_7)
FNDA:5,(anonymous_8)
DA:1,4
DA:2,4
DA:4,4
DA:6,4
DA:7,10
DA:8,10
DA:9,1
DA:11,9
DA:12,9
DA:13,9
DA:16,4
DA:17,5
DA:18,5
DA:19,2
DA:21,3
LF:15
LH:15
BRDA:8,0,0,1
BRDA:18,1,0,2
BRF:2
BRH:2
end_of_record
TN:
SF:src\types\types.ts
FN:39,(anonymous_0)
FNF:1
FNH:1
FNDA:4,(anonymous_0)
DA:39,4
DA:40,4
DA:41,4
LF:3
LH:3
BRDA:39,0,0,4
BRDA:39,0,1,4
BRF:2
BRH:2
end_of_record
